<?xml version="1.0" encoding="UTF-8"?>
<!-- Generated by org.testng.reporters.JUnitReportReporter -->
<testsuite hostname="MMANI7" name="com.automation.apttus.Assginment.CodingTest" tests="2" failures="0" timestamp="18 Oct 2020 07:46:39 GMT" time="45.566" errors="0">
  <testcase name="Web_Requirement1" time="33.718" classname="com.automation.apttus.Assginment.CodingTest"/>
  <testcase name="API_Requirement3" time="11.848" classname="com.automation.apttus.Assginment.CodingTest"/>
</testsuite> <!-- com.automation.apttus.Assginment.CodingTest -->
