<?xml version="1.0" encoding="UTF-8"?>
<!-- Generated by org.testng.reporters.JUnitReportReporter -->
<testsuite hostname="MMANI7" name="seleniumFramwork.Mytry.OrangeHRM" tests="1" failures="0" timestamp="16 Oct 2020 13:02:32 GMT" time="12.758" errors="0">
  <testcase name="OrangeHRM_Requirement1" time="12.758" classname="seleniumFramwork.Mytry.OrangeHRM"/>
</testsuite> <!-- seleniumFramwork.Mytry.OrangeHRM -->
