<?xml version="1.0" encoding="UTF-8"?>
<!-- Generated by org.testng.reporters.JUnitReportReporter -->
<testsuite hostname="MMANI7" name="seleniumFramwork.Mytry.Automationpractice" tests="2" failures="0" timestamp="18 Oct 2020 07:28:17 GMT" time="48.905" errors="0">
  <testcase name="_Requirement1" time="40.336" classname="seleniumFramwork.Mytry.Automationpractice"/>
  <testcase name="_Requirement2" time="8.569" classname="seleniumFramwork.Mytry.Automationpractice"/>
</testsuite> <!-- seleniumFramwork.Mytry.Automationpractice -->
